/*C10*/SET SCHEMA PUBLIC
create table IF NOT EXISTS users(userId int not null, username varchar(10) not null ,phone varchar(10) null, PRIMARY KEY (userId))
DISCONNECT
/*C11*/SET SCHEMA PUBLIC
DISCONNECT
/*C12*/SET SCHEMA PUBLIC
create table IF NOT EXISTS users(userId int not null, username varchar(10) not null ,phone varchar(10) null, PRIMARY KEY (userId))
DISCONNECT
/*C13*/SET SCHEMA PUBLIC
DISCONNECT
/*C14*/SET SCHEMA PUBLIC
INSERT INTO USERS VALUES(2,'TestUser2','1234567890')
COMMIT
DISCONNECT
/*C15*/SET SCHEMA PUBLIC
DISCONNECT
/*C16*/SET SCHEMA PUBLIC
DELETE FROM USERS WHERE USERID=2
INSERT INTO USERS VALUES(2,'batman','1234567890')
COMMIT
DISCONNECT
/*C17*/SET SCHEMA PUBLIC
DISCONNECT
/*C18*/SET SCHEMA PUBLIC
DISCONNECT
/*C19*/SET SCHEMA PUBLIC
DELETE FROM USERS WHERE USERID=2
INSERT INTO USERS VALUES(2,'ironman','1234567890')
COMMIT
DISCONNECT
/*C20*/SET SCHEMA PUBLIC
DISCONNECT
/*C21*/SET SCHEMA PUBLIC
DELETE FROM USERS WHERE USERID=2
COMMIT
DISCONNECT
/*C22*/SET SCHEMA PUBLIC
create table IF NOT EXISTS users(userId int not null, username varchar(10) not null ,phone varchar(10) null, PRIMARY KEY (userId))
DISCONNECT
/*C23*/SET SCHEMA PUBLIC
DISCONNECT
/*C24*/SET SCHEMA PUBLIC
DISCONNECT
/*C25*/SET SCHEMA PUBLIC
DISCONNECT
/*C26*/SET SCHEMA PUBLIC
INSERT INTO USERS VALUES(2,'newUser','0987654321')
COMMIT
DISCONNECT
/*C27*/SET SCHEMA PUBLIC
DELETE FROM USERS WHERE USERID=1
INSERT INTO USERS VALUES(1,'Joker','1234567890')
COMMIT
DISCONNECT
/*C28*/SET SCHEMA PUBLIC
DISCONNECT
/*C29*/SET SCHEMA PUBLIC
create table IF NOT EXISTS users(userId int not null, username varchar(10) not null ,phone varchar(10) null, PRIMARY KEY (userId))
DISCONNECT
/*C30*/SET SCHEMA PUBLIC
DISCONNECT
